GAS LISTING /tmp/ccOdl33n.s 			page 1


   1              		.file	"mainStari.cpp"
   2              		.option pic
   3              		.option norelax
   4              		.text
   5              	.Ltext0:
   6              		.align	2
   7              		.globl	_Z9mainStariv
   9              	_Z9mainStariv:
  10              	.LFB2:
  11              		.file 1 "src/mainStari.cpp"
   1:src/mainStari.cpp **** //#include "../lib/console.h"
   2:src/mainStari.cpp **** //#include "../h/syscall_cpp.hpp"
   3:src/mainStari.cpp **** #include "../h/MemoryAllocator.hpp"
   4:src/mainStari.cpp **** 
   5:src/mainStari.cpp **** 
   6:src/mainStari.cpp **** int mainStari(){
  12              		.loc 1 6 16
  13              		.cfi_startproc
  14 0000 130101FF 		addi	sp,sp,-16
  15              		.cfi_def_cfa_offset 16
  16 0004 23348100 		sd	s0,8(sp)
  17              		.cfi_offset 8, -8
  18 0008 13040101 		addi	s0,sp,16
  19              		.cfi_def_cfa 8, 0
   7:src/mainStari.cpp **** //
   8:src/mainStari.cpp **** //    __putc('O');
   9:src/mainStari.cpp **** //    __putc('S');
  10:src/mainStari.cpp **** //    __putc('1');
  11:src/mainStari.cpp **** //    __putc('\n');
  12:src/mainStari.cpp **** //    __putc('\n');
  13:src/mainStari.cpp **** //
  14:src/mainStari.cpp **** //    while(1){
  15:src/mainStari.cpp **** //        char character = __getc();
  16:src/mainStari.cpp **** //        __putc(character + 30);
  17:src/mainStari.cpp **** //    }
  18:src/mainStari.cpp **** //    MemoryAllocator* mem = MemoryAllocator::getInstance();
  19:src/mainStari.cpp **** 
  20:src/mainStari.cpp ****     return 0;
  20              		.loc 1 20 5
  21:src/mainStari.cpp **** }...
  21              		.loc 1 21 1 is_stmt 0
  22 000c 13050000 		li	a0,0
  23 0010 03348100 		ld	s0,8(sp)
  24              		.cfi_restore 8
  25              		.cfi_def_cfa 2, 16
  26 0014 13010101 		addi	sp,sp,16
  27              		.cfi_def_cfa_offset 0
  28 0018 67800000 		jr	ra
  29              		.cfi_endproc
  30              	.LFE2:
  32              	.Letext0:
  33              		.file 2 "src/../h/../lib/hw.h"
GAS LISTING /tmp/ccOdl33n.s 			page 2


DEFINED SYMBOLS
                            *ABS*:0000000000000000 mainStari.cpp
     /tmp/ccOdl33n.s:9      .text:0000000000000000 _Z9mainStariv
     /tmp/ccOdl33n.s:13     .text:0000000000000000 .L0 
     /tmp/ccOdl33n.s:14     .text:0000000000000000 .L0 
     /tmp/ccOdl33n.s:15     .text:0000000000000004 .L0 
     /tmp/ccOdl33n.s:17     .text:0000000000000008 .L0 
     /tmp/ccOdl33n.s:19     .text:000000000000000c .L0 
     /tmp/ccOdl33n.s:21     .text:000000000000000c .L0 
     /tmp/ccOdl33n.s:22     .text:000000000000000c .L0 
     /tmp/ccOdl33n.s:24     .text:0000000000000014 .L0 
     /tmp/ccOdl33n.s:25     .text:0000000000000014 .L0 
     /tmp/ccOdl33n.s:27     .text:0000000000000018 .L0 
     /tmp/ccOdl33n.s:29     .text:000000000000001c .L0 
     /tmp/ccOdl33n.s:34     .text:000000000000001c .L0 
     /tmp/ccOdl33n.s:177    .debug_abbrev:0000000000000000 .Ldebug_abbrev0
     /tmp/ccOdl33n.s:377    .debug_str:00000000000000c2 .LASF18
     /tmp/ccOdl33n.s:375    .debug_str:00000000000000b0 .LASF19
     /tmp/ccOdl33n.s:391    .debug_str:00000000000001dc .LASF20
     /tmp/ccOdl33n.s:5      .text:0000000000000000 .Ltext0
     /tmp/ccOdl33n.s:32     .text:000000000000001c .Letext0
     /tmp/ccOdl33n.s:349    .debug_line:0000000000000000 .Ldebug_line0
     /tmp/ccOdl33n.s:381    .debug_str:0000000000000194 .LASF0
     /tmp/ccOdl33n.s:373    .debug_str:000000000000009d .LASF1
     /tmp/ccOdl33n.s:367    .debug_str:0000000000000071 .LASF2
     /tmp/ccOdl33n.s:357    .debug_str:0000000000000028 .LASF4
     /tmp/ccOdl33n.s:371    .debug_str:000000000000008b .LASF3
     /tmp/ccOdl33n.s:353    .debug_str:0000000000000013 .LASF5
     /tmp/ccOdl33n.s:351    .debug_str:0000000000000000 .LASF6
     /tmp/ccOdl33n.s:363    .debug_str:000000000000004f .LASF7
     /tmp/ccOdl33n.s:387    .debug_str:00000000000001b6 .LASF8
     /tmp/ccOdl33n.s:355    .debug_str:000000000000001a .LASF9
     /tmp/ccOdl33n.s:395    .debug_str:000000000000020a .LASF10
     /tmp/ccOdl33n.s:365    .debug_str:0000000000000062 .LASF11
     /tmp/ccOdl33n.s:393    .debug_str:00000000000001fa .LASF12
     /tmp/ccOdl33n.s:385    .debug_str:00000000000001a6 .LASF13
     /tmp/ccOdl33n.s:369    .debug_str:000000000000007f .LASF14
     /tmp/ccOdl33n.s:361    .debug_str:0000000000000039 .LASF15
     /tmp/ccOdl33n.s:389    .debug_str:00000000000001c6 .LASF16
     /tmp/ccOdl33n.s:383    .debug_str:00000000000001a1 .LASF17
     /tmp/ccOdl33n.s:359    .debug_str:000000000000002f .LASF21
     /tmp/ccOdl33n.s:379    .debug_str:0000000000000186 .LASF22
     /tmp/ccOdl33n.s:10     .text:0000000000000000 .LFB2
     /tmp/ccOdl33n.s:30     .text:000000000000001c .LFE2
     /tmp/ccOdl33n.s:35     .debug_info:0000000000000000 .Ldebug_info0

NO UNDEFINED SYMBOLS
