GAS LISTING /tmp/ccl6w3r5.s 			page 1


   1              		.file	"tcb.cpp"
   2              		.option pic
   3              		.option norelax
   4              		.text
   5              	.Ltext0:
   6              		.align	2
   7              		.globl	_ZN3TCB12createThreadEPFvvE
   9              	_ZN3TCB12createThreadEPFvvE:
  10              	.LFB36:
  11              		.file 1 "src/tcb.cpp"
   1:src/tcb.cpp   **** 
   2:src/tcb.cpp   **** #include "../h/tcb.hpp"
   3:src/tcb.cpp   **** #include "../h/riscv.hpp"
   4:src/tcb.cpp   **** 
   5:src/tcb.cpp   **** TCB *TCB::running = nullptr;
   6:src/tcb.cpp   **** 
   7:src/tcb.cpp   **** uint64 TCB::timeSliceCounter = 0;
   8:src/tcb.cpp   **** 
   9:src/tcb.cpp   **** TCB *TCB::createThread(Body body)
  10:src/tcb.cpp   **** {
  12              		.loc 1 10 1
  13              		.cfi_startproc
  14              		.cfi_personality 0x9b,DW.ref.__gxx_personality_v0
  15              		.cfi_lsda 0x1b,.LLSDA36
  16              	.LVL0:
  17 0000 130101FE 		addi	sp,sp,-32
  18              		.cfi_def_cfa_offset 32
  19 0004 233C1100 		sd	ra,24(sp)
  20 0008 23388100 		sd	s0,16(sp)
  21 000c 23349100 		sd	s1,8(sp)
  22 0010 23302101 		sd	s2,0(sp)
  23              		.cfi_offset 1, -8
  24              		.cfi_offset 8, -16
  25              		.cfi_offset 9, -24
  26              		.cfi_offset 18, -32
  27 0014 13040102 		addi	s0,sp,32
  28              		.cfi_def_cfa 8, 0
  29 0018 13090500 		mv	s2,a0
  11:src/tcb.cpp   ****     return new TCB(body, TIME_SLICE);
  30              		.loc 1 11 5
  31              		.loc 1 11 36 is_stmt 0
  32 001c 13050003 		li	a0,48
  33              	.LVL1:
  34              	.LEHB0:
  35 0020 97000000 		call	_Znwm@plt
  35      E7800000 
  36              	.LVL2:
  37              	.LEHE0:
  38 0028 93040500 		mv	s1,a0
  39              	.LVL3:
  40              	.LBB9:
  41              	.LBB10:
  42              		.file 2 "src/../h/tcb.hpp"
   1:src/../h/tcb.hpp **** #ifndef PROJECT_BASE_TCB_HPP
   2:src/../h/tcb.hpp **** #define PROJECT_BASE_TCB_HPP
   3:src/../h/tcb.hpp **** 
   4:src/../h/tcb.hpp **** #include "../lib/mem.h"
GAS LISTING /tmp/ccl6w3r5.s 			page 2


   5:src/../h/tcb.hpp **** #include "scheduler.hpp"
   6:src/../h/tcb.hpp **** 
   7:src/../h/tcb.hpp **** class TCB
   8:src/../h/tcb.hpp **** {
   9:src/../h/tcb.hpp **** public:
  10:src/../h/tcb.hpp ****     ~TCB() { delete[] stack; }
  11:src/../h/tcb.hpp **** 
  12:src/../h/tcb.hpp ****     bool isFinished() const { return finished; }
  13:src/../h/tcb.hpp **** 
  14:src/../h/tcb.hpp ****     void setFinished(bool value) { finished = value; }
  15:src/../h/tcb.hpp **** 
  16:src/../h/tcb.hpp ****     uint64 getTimeSlice() const { return timeSlice; }
  17:src/../h/tcb.hpp **** 
  18:src/../h/tcb.hpp ****     using Body = void (*)();
  19:src/../h/tcb.hpp **** 
  20:src/../h/tcb.hpp ****     static TCB *createThread(Body body);
  21:src/../h/tcb.hpp **** 
  22:src/../h/tcb.hpp ****     static void yield();
  23:src/../h/tcb.hpp **** 
  24:src/../h/tcb.hpp ****     static TCB *running;
  25:src/../h/tcb.hpp **** 
  26:src/../h/tcb.hpp **** private:
  27:src/../h/tcb.hpp ****     TCB(Body body, uint64 timeSlice) :
  28:src/../h/tcb.hpp ****             body(body),
  29:src/../h/tcb.hpp ****             stack(body != nullptr ? new uint64[STACK_SIZE] : nullptr),
  30:src/../h/tcb.hpp ****             context({(uint64) &threadWrapper,
  31:src/../h/tcb.hpp ****                      stack != nullptr ? (uint64) &stack[STACK_SIZE] : 0
  32:src/../h/tcb.hpp ****                     }),
  33:src/../h/tcb.hpp ****             timeSlice(timeSlice),
  34:src/../h/tcb.hpp ****             finished(false)
  43              		.loc 2 34 27
  44 002c 23302501 		sd	s2,0(a0)
  29:src/../h/tcb.hpp ****             context({(uint64) &threadWrapper,
  45              		.loc 2 29 35
  46 0030 630A0900 		beqz	s2,.L6
  29:src/../h/tcb.hpp ****             context({(uint64) &threadWrapper,
  47              		.loc 2 29 58
  48 0034 37250000 		li	a0,8192
  49              	.LEHB1:
  50 0038 97000000 		call	_Znam@plt
  50      E7800000 
  51              	.LVL4:
  52 0040 6F008000 		j	.L2
  53              	.L6:
  29:src/../h/tcb.hpp ****             context({(uint64) &threadWrapper,
  54              		.loc 2 29 35
  55 0044 13050000 		li	a0,0
  56              	.L2:
  57              		.loc 2 34 27
  58 0048 23B4A400 		sd	a0,8(s1)
  59 004c 97070000 		lla	a5,_ZN3TCB13threadWrapperEv
  59      93870700 
  60 0054 23B8F400 		sd	a5,16(s1)
  31:src/../h/tcb.hpp ****                     }),
  61              		.loc 2 31 39
  62 0058 63080502 		beqz	a0,.L7
  31:src/../h/tcb.hpp ****                     }),
GAS LISTING /tmp/ccl6w3r5.s 			page 3


  63              		.loc 2 31 50
  64 005c B7270000 		li	a5,8192
  65 0060 B307F500 		add	a5,a0,a5
  66              	.L3:
  67              		.loc 2 34 27
  68 0064 23BCF400 		sd	a5,24(s1)
  69 0068 93072000 		li	a5,2
  70 006c 23B0F402 		sd	a5,32(s1)
  71 0070 23840402 		sb	zero,40(s1)
  35:src/../h/tcb.hpp ****     {
  36:src/../h/tcb.hpp ****         if (body != nullptr) { Scheduler::put(this); }
  72              		.loc 2 36 9 is_stmt 1
  73 0074 630C0902 		beqz	s2,.L1
  74              		.loc 2 36 32
  75              		.loc 2 36 46 is_stmt 0
  76 0078 13850400 		mv	a0,s1
  77 007c 97000000 		call	_ZN9Scheduler3putEP3TCB@plt
  77      E7800000 
  78              	.LVL5:
  79              	.LEHE1:
  80 0084 6F008002 		j	.L1
  81              	.L7:
  31:src/../h/tcb.hpp ****                     }),
  82              		.loc 2 31 39
  83 0088 93070000 		li	a5,0
  84 008c 6FF09FFD 		j	.L3
  85              	.L8:
  86 0090 13090500 		mv	s2,a0
  87              	.LVL6:
  88              	.LBE10:
  89              	.LBE9:
  90              		.loc 1 11 36
  91 0094 13850400 		mv	a0,s1
  92 0098 97000000 		call	_ZdlPv@plt
  92      E7800000 
  93              	.LVL7:
  94 00a0 13050900 		mv	a0,s2
  95              	.LEHB2:
  96 00a4 97000000 		call	_Unwind_Resume@plt
  96      E7800000 
  97              	.LVL8:
  98              	.LEHE2:
  99              	.L1:
  12:src/tcb.cpp   **** }
 100              		.loc 1 12 1
 101 00ac 13850400 		mv	a0,s1
 102 00b0 83308101 		ld	ra,24(sp)
 103              		.cfi_restore 1
 104 00b4 03340101 		ld	s0,16(sp)
 105              		.cfi_restore 8
 106              		.cfi_def_cfa 2, 32
 107 00b8 83348100 		ld	s1,8(sp)
 108              		.cfi_restore 9
 109              	.LVL9:
 110 00bc 03390100 		ld	s2,0(sp)
 111              		.cfi_restore 18
 112              	.LVL10:
GAS LISTING /tmp/ccl6w3r5.s 			page 4


 113 00c0 13010102 		addi	sp,sp,32
 114              		.cfi_def_cfa_offset 0
 115 00c4 67800000 		jr	ra
 116              		.cfi_endproc
 117              	.LFE36:
 118              		.globl	__gxx_personality_v0
 119              		.section	.gcc_except_table,"a",@progbits
 120              	.LLSDA36:
 121 0000 FF       		.byte	0xff
 122 0001 FF       		.byte	0xff
 123 0002 03       		.byte	0x3
 124 0003 27       		.byte	0x27
 125 0004 00000000 		.4byte	.LEHB0-.LFB36
 126 0008 00000000 		.4byte	.LEHE0-.LEHB0
 127 000c 00000000 		.4byte	0
 128 0010 00       		.byte	0
 129 0011 00000000 		.4byte	.LEHB1-.LFB36
 130 0015 00000000 		.4byte	.LEHE1-.LEHB1
 131 0019 00000000 		.4byte	.L8-.LFB36
 132 001d 00       		.byte	0
 133 001e 00000000 		.4byte	.LEHB2-.LFB36
 134 0022 00000000 		.4byte	.LEHE2-.LEHB2
 135 0026 00000000 		.4byte	0
 136 002a 00       		.byte	0
 137              		.text
 139              		.align	2
 140              		.globl	_ZN3TCB5yieldEv
 142              	_ZN3TCB5yieldEv:
 143              	.LFB37:
  13:src/tcb.cpp   **** 
  14:src/tcb.cpp   **** void TCB::yield()
  15:src/tcb.cpp   **** {
 144              		.loc 1 15 1 is_stmt 1
 145              		.cfi_startproc
 146 00c8 130101FF 		addi	sp,sp,-16
 147              		.cfi_def_cfa_offset 16
 148 00cc 23348100 		sd	s0,8(sp)
 149              		.cfi_offset 8, -8
 150 00d0 13040101 		addi	s0,sp,16
 151              		.cfi_def_cfa 8, 0
  16:src/tcb.cpp   ****     __asm__ volatile ("ecall");
 152              		.loc 1 16 5
 153              		.loc 1 16 31 is_stmt 0
 154              	#APP
 155              	# 16 "src/tcb.cpp" 1
  17              	}
 156              		ecall
 157              	# 0 "" 2
 158              		.loc 1 17 1
 159              	#NO_APP
 160 00d8 03348100 		ld	s0,8(sp)
 161              		.cfi_restore 8
 162              		.cfi_def_cfa 2, 16
 163 00dc 13010101 		addi	sp,sp,16
 164              		.cfi_def_cfa_offset 0
 165 00e0 67800000 		jr	ra
 166              		.cfi_endproc
GAS LISTING /tmp/ccl6w3r5.s 			page 5


 167              	.LFE37:
 169              		.align	2
 170              		.globl	_ZN3TCB13threadWrapperEv
 172              	_ZN3TCB13threadWrapperEv:
 173              	.LFB39:
  18:src/tcb.cpp   **** 
  19:src/tcb.cpp   **** void TCB::dispatch()
  20:src/tcb.cpp   **** {
  21:src/tcb.cpp   ****     TCB *old = running;
  22:src/tcb.cpp   ****     if (!old->isFinished()) { Scheduler::put(old); }
  23:src/tcb.cpp   ****     running = Scheduler::get();
  24:src/tcb.cpp   **** 
  25:src/tcb.cpp   ****     TCB::contextSwitch(&old->context, &running->context);
  26:src/tcb.cpp   **** }
  27:src/tcb.cpp   **** 
  28:src/tcb.cpp   **** void TCB::threadWrapper()
  29:src/tcb.cpp   **** {
 174              		.loc 1 29 1 is_stmt 1
 175              		.cfi_startproc
 176 00e4 130101FE 		addi	sp,sp,-32
 177              		.cfi_def_cfa_offset 32
 178 00e8 233C1100 		sd	ra,24(sp)
 179 00ec 23388100 		sd	s0,16(sp)
 180 00f0 23349100 		sd	s1,8(sp)
 181              		.cfi_offset 1, -8
 182              		.cfi_offset 8, -16
 183              		.cfi_offset 9, -24
 184 00f4 13040102 		addi	s0,sp,32
 185              		.cfi_def_cfa 8, 0
  30:src/tcb.cpp   ****     Riscv::popSppSpie();
 186              		.loc 1 30 5
 187              		.loc 1 30 22 is_stmt 0
 188 00f8 97000000 		call	_ZN5Riscv10popSppSpieEv@plt
 188      E7800000 
 189              	.LVL11:
  31:src/tcb.cpp   ****     running->body();
 190              		.loc 1 31 5 is_stmt 1
 191              		.loc 1 31 14 is_stmt 0
 192 0100 97040000 		lla	s1,.LANCHOR0
 192      93840400 
 193 0108 83B70400 		ld	a5,0(s1)
 194 010c 83B70700 		ld	a5,0(a5)
 195              		.loc 1 31 18
 196 0110 E7800700 		jalr	a5
 197              	.LVL12:
  32:src/tcb.cpp   ****     running->setFinished(true);
 198              		.loc 1 32 5 is_stmt 1
 199              		.loc 1 32 25 is_stmt 0
 200 0114 83B70400 		ld	a5,0(s1)
 201              	.LVL13:
 202              	.LBB11:
 203              	.LBB12:
  14:src/../h/tcb.hpp **** 
 204              		.loc 2 14 36 is_stmt 1
  14:src/../h/tcb.hpp **** 
 205              		.loc 2 14 45 is_stmt 0
 206 0118 13071000 		li	a4,1
GAS LISTING /tmp/ccl6w3r5.s 			page 6


 207 011c 2384E702 		sb	a4,40(a5)
 208              	.LVL14:
 209              	.LBE12:
 210              	.LBE11:
  33:src/tcb.cpp   ****     TCB::yield();
 211              		.loc 1 33 5 is_stmt 1
 212              		.loc 1 33 15 is_stmt 0
 213 0120 97000000 		call	_ZN3TCB5yieldEv
 213      E7800000 
 214              	.LVL15:
  34:src/tcb.cpp   **** }
 215              		.loc 1 34 1
 216 0128 83308101 		ld	ra,24(sp)
 217              		.cfi_restore 1
 218 012c 03340101 		ld	s0,16(sp)
 219              		.cfi_restore 8
 220              		.cfi_def_cfa 2, 32
 221 0130 83348100 		ld	s1,8(sp)
 222              		.cfi_restore 9
 223 0134 13010102 		addi	sp,sp,32
 224              		.cfi_def_cfa_offset 0
 225 0138 67800000 		jr	ra
 226              		.cfi_endproc
 227              	.LFE39:
 229              		.align	2
 230              		.globl	_ZN3TCB8dispatchEv
 232              	_ZN3TCB8dispatchEv:
 233              	.LFB38:
  20:src/tcb.cpp   ****     TCB *old = running;
 234              		.loc 1 20 1 is_stmt 1
 235              		.cfi_startproc
 236 013c 130101FE 		addi	sp,sp,-32
 237              		.cfi_def_cfa_offset 32
 238 0140 233C1100 		sd	ra,24(sp)
 239 0144 23388100 		sd	s0,16(sp)
 240 0148 23349100 		sd	s1,8(sp)
 241              		.cfi_offset 1, -8
 242              		.cfi_offset 8, -16
 243              		.cfi_offset 9, -24
 244 014c 13040102 		addi	s0,sp,32
 245              		.cfi_def_cfa 8, 0
  21:src/tcb.cpp   ****     if (!old->isFinished()) { Scheduler::put(old); }
 246              		.loc 1 21 5
  21:src/tcb.cpp   ****     if (!old->isFinished()) { Scheduler::put(old); }
 247              		.loc 1 21 10 is_stmt 0
 248 0150 97040000 		ld	s1,.LANCHOR0
 248      83B40400 
 249              	.LVL16:
  22:src/tcb.cpp   ****     running = Scheduler::get();
 250              		.loc 1 22 5 is_stmt 1
 251              	.LBB13:
 252              	.LBB14:
  12:src/../h/tcb.hpp **** 
 253              		.loc 2 12 31
  12:src/../h/tcb.hpp **** 
 254              		.loc 2 12 38 is_stmt 0
 255 0158 83C78402 		lbu	a5,40(s1)
GAS LISTING /tmp/ccl6w3r5.s 			page 7


 256              	.LVL17:
 257              	.LBE14:
 258              	.LBE13:
  22:src/tcb.cpp   ****     running = Scheduler::get();
 259              		.loc 1 22 5
 260 015c 638C0702 		beqz	a5,.L17
 261              	.L15:
  23:src/tcb.cpp   **** 
 262              		.loc 1 23 5 is_stmt 1
  23:src/tcb.cpp   **** 
 263              		.loc 1 23 29 is_stmt 0
 264 0160 97000000 		call	_ZN9Scheduler3getEv@plt
 264      E7800000 
 265              	.LVL18:
  23:src/tcb.cpp   **** 
 266              		.loc 1 23 13
 267 0168 97070000 		sd	a0,.LANCHOR0,a5
 267      23B0A700 
  25:src/tcb.cpp   **** }
 268              		.loc 1 25 5 is_stmt 1
  25:src/tcb.cpp   **** }
 269              		.loc 1 25 23 is_stmt 0
 270 0170 93050501 		addi	a1,a0,16
 271 0174 13850401 		addi	a0,s1,16
 272 0178 97000000 		call	_ZN3TCB13contextSwitchEPNS_7ContextES1_@plt
 272      E7800000 
 273              	.LVL19:
  26:src/tcb.cpp   **** 
 274              		.loc 1 26 1
 275 0180 83308101 		ld	ra,24(sp)
 276              		.cfi_remember_state
 277              		.cfi_restore 1
 278 0184 03340101 		ld	s0,16(sp)
 279              		.cfi_restore 8
 280              		.cfi_def_cfa 2, 32
 281 0188 83348100 		ld	s1,8(sp)
 282              		.cfi_restore 9
 283              	.LVL20:
 284 018c 13010102 		addi	sp,sp,32
 285              		.cfi_def_cfa_offset 0
 286 0190 67800000 		jr	ra
 287              	.LVL21:
 288              	.L17:
 289              		.cfi_restore_state
  22:src/tcb.cpp   ****     running = Scheduler::get();
 290              		.loc 1 22 31 is_stmt 1 discriminator 1
  22:src/tcb.cpp   ****     running = Scheduler::get();
 291              		.loc 1 22 45 is_stmt 0 discriminator 1
 292 0194 13850400 		mv	a0,s1
 293 0198 97000000 		call	_ZN9Scheduler3putEP3TCB@plt
 293      E7800000 
 294              	.LVL22:
 295 01a0 6FF01FFC 		j	.L15
 296              		.cfi_endproc
 297              	.LFE38:
 299              		.globl	_ZN3TCB16timeSliceCounterE
 300              		.globl	_ZN3TCB7runningE
GAS LISTING /tmp/ccl6w3r5.s 			page 8


 301              		.bss
 302              		.align	3
 303              		.set	.LANCHOR0,. + 0
 306              	_ZN3TCB7runningE:
 307 0000 00000000 		.zero	8
 307      00000000 
 310              	_ZN3TCB16timeSliceCounterE:
 311 0008 00000000 		.zero	8
 311      00000000 
 312              		.text
 313              	.Letext0:
 314              		.file 3 "src/../h/../lib/hw.h"
 315              		.file 4 "src/../h/scheduler.hpp"
 316              		.file 5 "src/../h/riscv.hpp"
 2486              		.align	3
 2489              	DW.ref.__gxx_personality_v0:
 2490 0000 00000000 		.dword	__gxx_personality_v0
 2490      00000000 
 2491              		.ident	"GCC: (Ubuntu 9.4.0-1ubuntu1~20.04) 9.4.0"
 2492              		.section	.note.GNU-stack,"",@progbits
GAS LISTING /tmp/ccl6w3r5.s 			page 9


DEFINED SYMBOLS
                            *ABS*:0000000000000000 tcb.cpp
     /tmp/ccl6w3r5.s:9      .text:0000000000000000 _ZN3TCB12createThreadEPFvvE
     /tmp/ccl6w3r5.s:13     .text:0000000000000000 .L0 
     /tmp/ccl6w3r5.s:2489   .data.rel.local.DW.ref.__gxx_personality_v0:0000000000000000 DW.ref.__gxx_personality_v0
     /tmp/ccl6w3r5.s:17     .text:0000000000000000 .L0 
     /tmp/ccl6w3r5.s:18     .text:0000000000000004 .L0 
     /tmp/ccl6w3r5.s:23     .text:0000000000000014 .L0 
     /tmp/ccl6w3r5.s:24     .text:0000000000000014 .L0 
     /tmp/ccl6w3r5.s:25     .text:0000000000000014 .L0 
     /tmp/ccl6w3r5.s:26     .text:0000000000000014 .L0 
     /tmp/ccl6w3r5.s:28     .text:0000000000000018 .L0 
     /tmp/ccl6w3r5.s:31     .text:000000000000001c .L0 
     /tmp/ccl6w3r5.s:32     .text:000000000000001c .L0 
     /tmp/ccl6w3r5.s:44     .text:000000000000002c .L0 
     /tmp/ccl6w3r5.s:46     .text:0000000000000030 .L0 
     /tmp/ccl6w3r5.s:48     .text:0000000000000034 .L0 
     /tmp/ccl6w3r5.s:55     .text:0000000000000044 .L0 
     /tmp/ccl6w3r5.s:58     .text:0000000000000048 .L0 
     /tmp/ccl6w3r5.s:172    .text:00000000000000e4 _ZN3TCB13threadWrapperEv
     /tmp/ccl6w3r5.s:62     .text:0000000000000058 .L0 
     /tmp/ccl6w3r5.s:64     .text:000000000000005c .L0 
     /tmp/ccl6w3r5.s:68     .text:0000000000000064 .L0 
     /tmp/ccl6w3r5.s:73     .text:0000000000000074 .L0 
     /tmp/ccl6w3r5.s:75     .text:0000000000000078 .L0 
     /tmp/ccl6w3r5.s:76     .text:0000000000000078 .L0 
     /tmp/ccl6w3r5.s:83     .text:0000000000000088 .L0 
     /tmp/ccl6w3r5.s:91     .text:0000000000000094 .L0 
     /tmp/ccl6w3r5.s:101    .text:00000000000000ac .L0 
     /tmp/ccl6w3r5.s:103    .text:00000000000000b4 .L0 
     /tmp/ccl6w3r5.s:105    .text:00000000000000b8 .L0 
     /tmp/ccl6w3r5.s:106    .text:00000000000000b8 .L0 
     /tmp/ccl6w3r5.s:108    .text:00000000000000bc .L0 
     /tmp/ccl6w3r5.s:111    .text:00000000000000c0 .L0 
     /tmp/ccl6w3r5.s:114    .text:00000000000000c4 .L0 
     /tmp/ccl6w3r5.s:116    .text:00000000000000c8 .L0 
     /tmp/ccl6w3r5.s:142    .text:00000000000000c8 _ZN3TCB5yieldEv
     /tmp/ccl6w3r5.s:145    .text:00000000000000c8 .L0 
     /tmp/ccl6w3r5.s:146    .text:00000000000000c8 .L0 
     /tmp/ccl6w3r5.s:147    .text:00000000000000cc .L0 
     /tmp/ccl6w3r5.s:149    .text:00000000000000d0 .L0 
     /tmp/ccl6w3r5.s:151    .text:00000000000000d4 .L0 
     /tmp/ccl6w3r5.s:153    .text:00000000000000d4 .L0 
         src/tcb.cpp:16     .text:00000000000000d4 .L0 
     /tmp/ccl6w3r5.s:160    .text:00000000000000d8 .L0 
     /tmp/ccl6w3r5.s:161    .text:00000000000000dc .L0 
     /tmp/ccl6w3r5.s:162    .text:00000000000000dc .L0 
     /tmp/ccl6w3r5.s:164    .text:00000000000000e0 .L0 
     /tmp/ccl6w3r5.s:166    .text:00000000000000e4 .L0 
     /tmp/ccl6w3r5.s:175    .text:00000000000000e4 .L0 
     /tmp/ccl6w3r5.s:176    .text:00000000000000e4 .L0 
     /tmp/ccl6w3r5.s:177    .text:00000000000000e8 .L0 
     /tmp/ccl6w3r5.s:181    .text:00000000000000f4 .L0 
     /tmp/ccl6w3r5.s:182    .text:00000000000000f4 .L0 
     /tmp/ccl6w3r5.s:183    .text:00000000000000f4 .L0 
     /tmp/ccl6w3r5.s:185    .text:00000000000000f8 .L0 
     /tmp/ccl6w3r5.s:187    .text:00000000000000f8 .L0 
GAS LISTING /tmp/ccl6w3r5.s 			page 10


     /tmp/ccl6w3r5.s:188    .text:00000000000000f8 .L0 
     /tmp/ccl6w3r5.s:191    .text:0000000000000100 .L0 
     /tmp/ccl6w3r5.s:192    .text:0000000000000100 .L0 
     /tmp/ccl6w3r5.s:196    .text:0000000000000110 .L0 
     /tmp/ccl6w3r5.s:199    .text:0000000000000114 .L0 
     /tmp/ccl6w3r5.s:200    .text:0000000000000114 .L0 
     /tmp/ccl6w3r5.s:205    .text:0000000000000118 .L0 
     /tmp/ccl6w3r5.s:206    .text:0000000000000118 .L0 
     /tmp/ccl6w3r5.s:212    .text:0000000000000120 .L0 
     /tmp/ccl6w3r5.s:213    .text:0000000000000120 .L0 
     /tmp/ccl6w3r5.s:216    .text:0000000000000128 .L0 
     /tmp/ccl6w3r5.s:217    .text:000000000000012c .L0 
     /tmp/ccl6w3r5.s:219    .text:0000000000000130 .L0 
     /tmp/ccl6w3r5.s:220    .text:0000000000000130 .L0 
     /tmp/ccl6w3r5.s:222    .text:0000000000000134 .L0 
     /tmp/ccl6w3r5.s:224    .text:0000000000000138 .L0 
     /tmp/ccl6w3r5.s:226    .text:000000000000013c .L0 
     /tmp/ccl6w3r5.s:232    .text:000000000000013c _ZN3TCB8dispatchEv
     /tmp/ccl6w3r5.s:235    .text:000000000000013c .L0 
     /tmp/ccl6w3r5.s:236    .text:000000000000013c .L0 
     /tmp/ccl6w3r5.s:237    .text:0000000000000140 .L0 
     /tmp/ccl6w3r5.s:241    .text:000000000000014c .L0 
     /tmp/ccl6w3r5.s:242    .text:000000000000014c .L0 
     /tmp/ccl6w3r5.s:243    .text:000000000000014c .L0 
     /tmp/ccl6w3r5.s:245    .text:0000000000000150 .L0 
     /tmp/ccl6w3r5.s:247    .text:0000000000000150 .L0 
     /tmp/ccl6w3r5.s:248    .text:0000000000000150 .L0 
     /tmp/ccl6w3r5.s:253    .text:0000000000000158 .L0 
     /tmp/ccl6w3r5.s:254    .text:0000000000000158 .L0 
     /tmp/ccl6w3r5.s:255    .text:0000000000000158 .L0 
     /tmp/ccl6w3r5.s:260    .text:000000000000015c .L0 
     /tmp/ccl6w3r5.s:263    .text:0000000000000160 .L0 
     /tmp/ccl6w3r5.s:264    .text:0000000000000160 .L0 
     /tmp/ccl6w3r5.s:267    .text:0000000000000168 .L0 
     /tmp/ccl6w3r5.s:269    .text:0000000000000170 .L0 
     /tmp/ccl6w3r5.s:270    .text:0000000000000170 .L0 
     /tmp/ccl6w3r5.s:275    .text:0000000000000180 .L0 
     /tmp/ccl6w3r5.s:276    .text:0000000000000184 .L0 
     /tmp/ccl6w3r5.s:277    .text:0000000000000184 .L0 
     /tmp/ccl6w3r5.s:279    .text:0000000000000188 .L0 
     /tmp/ccl6w3r5.s:280    .text:0000000000000188 .L0 
     /tmp/ccl6w3r5.s:282    .text:000000000000018c .L0 
     /tmp/ccl6w3r5.s:285    .text:0000000000000190 .L0 
     /tmp/ccl6w3r5.s:289    .text:0000000000000194 .L0 
     /tmp/ccl6w3r5.s:291    .text:0000000000000194 .L0 
     /tmp/ccl6w3r5.s:292    .text:0000000000000194 .L0 
     /tmp/ccl6w3r5.s:296    .text:00000000000001a4 .L0 
     /tmp/ccl6w3r5.s:310    .bss:0000000000000008 _ZN3TCB16timeSliceCounterE
     /tmp/ccl6w3r5.s:306    .bss:0000000000000000 _ZN3TCB7runningE
     /tmp/ccl6w3r5.s:303    .bss:0000000000000000 .LANCHOR0
     /tmp/ccl6w3r5.s:317    .text:00000000000001a4 .L0 
     /tmp/ccl6w3r5.s:59     .text:000000000000004c .L0 
     /tmp/ccl6w3r5.s:192    .text:0000000000000100 .L0 
     /tmp/ccl6w3r5.s:248    .text:0000000000000150 .L0 
     /tmp/ccl6w3r5.s:267    .text:0000000000000168 .L0 
     /tmp/ccl6w3r5.s:53     .text:0000000000000044 .L6
     /tmp/ccl6w3r5.s:56     .text:0000000000000048 .L2
GAS LISTING /tmp/ccl6w3r5.s 			page 11


     /tmp/ccl6w3r5.s:81     .text:0000000000000088 .L7
     /tmp/ccl6w3r5.s:99     .text:00000000000000ac .L1
     /tmp/ccl6w3r5.s:66     .text:0000000000000064 .L3
     /tmp/ccl6w3r5.s:288    .text:0000000000000194 .L17
     /tmp/ccl6w3r5.s:261    .text:0000000000000160 .L15
     /tmp/ccl6w3r5.s:34     .text:0000000000000020 .LEHB0
     /tmp/ccl6w3r5.s:10     .text:0000000000000000 .LFB36
     /tmp/ccl6w3r5.s:37     .text:0000000000000028 .LEHE0
     /tmp/ccl6w3r5.s:49     .text:0000000000000038 .LEHB1
     /tmp/ccl6w3r5.s:79     .text:0000000000000084 .LEHE1
     /tmp/ccl6w3r5.s:85     .text:0000000000000090 .L8
     /tmp/ccl6w3r5.s:95     .text:00000000000000a4 .LEHB2
     /tmp/ccl6w3r5.s:98     .text:00000000000000ac .LEHE2
     /tmp/ccl6w3r5.s:1207   .debug_abbrev:0000000000000000 .Ldebug_abbrev0
     /tmp/ccl6w3r5.s:2453   .debug_str:0000000000000591 .LASF103
     /tmp/ccl6w3r5.s:2371   .debug_str:0000000000000344 .LASF104
     /tmp/ccl6w3r5.s:2323   .debug_str:00000000000001cd .LASF105
     /tmp/ccl6w3r5.s:5      .text:0000000000000000 .Ltext0
     /tmp/ccl6w3r5.s:313    .text:00000000000001a4 .Letext0
     /tmp/ccl6w3r5.s:2257   .debug_line:0000000000000000 .Ldebug_line0
     /tmp/ccl6w3r5.s:2385   .debug_str:000000000000039b .LASF0
     /tmp/ccl6w3r5.s:2399   .debug_str:00000000000003d7 .LASF1
     /tmp/ccl6w3r5.s:2375   .debug_str:0000000000000357 .LASF2
     /tmp/ccl6w3r5.s:2349   .debug_str:00000000000002c7 .LASF4
     /tmp/ccl6w3r5.s:2431   .debug_str:00000000000004e3 .LASF3
     /tmp/ccl6w3r5.s:2283   .debug_str:00000000000000a2 .LASF5
     /tmp/ccl6w3r5.s:2401   .debug_str:00000000000003ea .LASF6
     /tmp/ccl6w3r5.s:2383   .debug_str:0000000000000388 .LASF7
     /tmp/ccl6w3r5.s:2459   .debug_str:0000000000000670 .LASF8
     /tmp/ccl6w3r5.s:2335   .debug_str:0000000000000234 .LASF9
     /tmp/ccl6w3r5.s:2411   .debug_str:0000000000000445 .LASF10
     /tmp/ccl6w3r5.s:2457   .debug_str:0000000000000661 .LASF11
     /tmp/ccl6w3r5.s:2285   .debug_str:00000000000000a9 .LASF12
     /tmp/ccl6w3r5.s:2263   .debug_str:0000000000000022 .LASF13
     /tmp/ccl6w3r5.s:2295   .debug_str:00000000000000f5 .LASF14
     /tmp/ccl6w3r5.s:2423   .debug_str:000000000000049f .LASF15
     /tmp/ccl6w3r5.s:2303   .debug_str:000000000000013e .LASF16
     /tmp/ccl6w3r5.s:2409   .debug_str:000000000000043b .LASF17
     /tmp/ccl6w3r5.s:2325   .debug_str:00000000000001eb .LASF42
     /tmp/ccl6w3r5.s:2393   .debug_str:00000000000003be .LASF18
     /tmp/ccl6w3r5.s:2435   .debug_str:0000000000000506 .LASF58
     /tmp/ccl6w3r5.s:2345   .debug_str:000000000000028b .LASF106
     /tmp/ccl6w3r5.s:2291   .debug_str:00000000000000d3 .LASF31
     /tmp/ccl6w3r5.s:2455   .debug_str:0000000000000655 .LASF19
     /tmp/ccl6w3r5.s:2403   .debug_str:00000000000003fd .LASF21
     /tmp/ccl6w3r5.s:2367   .debug_str:000000000000032d .LASF107
     /tmp/ccl6w3r5.s:2269   .debug_str:0000000000000041 .LASF108
     /tmp/ccl6w3r5.s:2307   .debug_str:0000000000000168 .LASF20
     /tmp/ccl6w3r5.s:2417   .debug_str:0000000000000483 .LASF22
     /tmp/ccl6w3r5.s:2405   .debug_str:000000000000041a .LASF25
     /tmp/ccl6w3r5.s:2333   .debug_str:000000000000021d .LASF27
     /tmp/ccl6w3r5.s:2377   .debug_str:0000000000000365 .LASF23
     /tmp/ccl6w3r5.s:2477   .debug_str:00000000000006ef .LASF24
     /tmp/ccl6w3r5.s:2369   .debug_str:0000000000000337 .LASF26
     /tmp/ccl6w3r5.s:2281   .debug_str:0000000000000089 .LASF28
     /tmp/ccl6w3r5.s:2359   .debug_str:00000000000002ef .LASF29
     /tmp/ccl6w3r5.s:2413   .debug_str:0000000000000454 .LASF30
GAS LISTING /tmp/ccl6w3r5.s 			page 12


     /tmp/ccl6w3r5.s:2419   .debug_str:000000000000048f .LASF109
     /tmp/ccl6w3r5.s:2425   .debug_str:00000000000004b5 .LASF48
     /tmp/ccl6w3r5.s:2381   .debug_str:0000000000000378 .LASF50
     /tmp/ccl6w3r5.s:2313   .debug_str:0000000000000191 .LASF110
     /tmp/ccl6w3r5.s:2439   .debug_str:000000000000052c .LASF32
     /tmp/ccl6w3r5.s:2353   .debug_str:00000000000002d7 .LASF33
     /tmp/ccl6w3r5.s:2391   .debug_str:00000000000003b8 .LASF34
     /tmp/ccl6w3r5.s:2357   .debug_str:00000000000002e7 .LASF35
     /tmp/ccl6w3r5.s:2395   .debug_str:00000000000003c7 .LASF36
     /tmp/ccl6w3r5.s:2351   .debug_str:00000000000002ce .LASF37
     /tmp/ccl6w3r5.s:2363   .debug_str:0000000000000307 .LASF38
     /tmp/ccl6w3r5.s:2339   .debug_str:0000000000000258 .LASF40
     /tmp/ccl6w3r5.s:2461   .debug_str:0000000000000680 .LASF87
     /tmp/ccl6w3r5.s:2347   .debug_str:000000000000029f .LASF89
     /tmp/ccl6w3r5.s:2389   .debug_str:00000000000003af .LASF39
     /tmp/ccl6w3r5.s:2319   .debug_str:00000000000001b5 .LASF41
     /tmp/ccl6w3r5.s:2433   .debug_str:00000000000004f5 .LASF43
     /tmp/ccl6w3r5.s:2361   .debug_str:00000000000002fc .LASF44
     /tmp/ccl6w3r5.s:2341   .debug_str:0000000000000271 .LASF45
     /tmp/ccl6w3r5.s:2321   .debug_str:00000000000001c8 .LASF46
     /tmp/ccl6w3r5.s:2397   .debug_str:00000000000003d1 .LASF47
     /tmp/ccl6w3r5.s:2421   .debug_str:0000000000000494 .LASF49
     /tmp/ccl6w3r5.s:2471   .debug_str:00000000000006c4 .LASF51
     /tmp/ccl6w3r5.s:2279   .debug_str:000000000000007b .LASF52
     /tmp/ccl6w3r5.s:2311   .debug_str:0000000000000176 .LASF53
     /tmp/ccl6w3r5.s:2445   .debug_str:0000000000000558 .LASF54
     /tmp/ccl6w3r5.s:2261   .debug_str:0000000000000008 .LASF55
     /tmp/ccl6w3r5.s:2265   .debug_str:0000000000000032 .LASF56
     /tmp/ccl6w3r5.s:2443   .debug_str:0000000000000543 .LASF61
     /tmp/ccl6w3r5.s:2309   .debug_str:000000000000016d .LASF57
     /tmp/ccl6w3r5.s:2299   .debug_str:0000000000000111 .LASF59
     /tmp/ccl6w3r5.s:2379   .debug_str:0000000000000371 .LASF60
     /tmp/ccl6w3r5.s:2415   .debug_str:0000000000000470 .LASF62
     /tmp/ccl6w3r5.s:2451   .debug_str:000000000000058a .LASF63
     /tmp/ccl6w3r5.s:2447   .debug_str:0000000000000565 .LASF64
     /tmp/ccl6w3r5.s:2329   .debug_str:000000000000020f .LASF65
     /tmp/ccl6w3r5.s:2305   .debug_str:0000000000000154 .LASF66
     /tmp/ccl6w3r5.s:2259   .debug_str:0000000000000000 .LASF67
     /tmp/ccl6w3r5.s:2437   .debug_str:0000000000000518 .LASF68
     /tmp/ccl6w3r5.s:2315   .debug_str:0000000000000199 .LASF69
     /tmp/ccl6w3r5.s:2287   .debug_str:00000000000000b9 .LASF70
     /tmp/ccl6w3r5.s:2475   .debug_str:00000000000006e7 .LASF71
     /tmp/ccl6w3r5.s:2317   .debug_str:00000000000001a1 .LASF72
     /tmp/ccl6w3r5.s:2387   .debug_str:00000000000003a8 .LASF73
     /tmp/ccl6w3r5.s:2467   .debug_str:00000000000006ac .LASF74
     /tmp/ccl6w3r5.s:2275   .debug_str:0000000000000059 .LASF75
     /tmp/ccl6w3r5.s:2327   .debug_str:00000000000001fc .LASF76
     /tmp/ccl6w3r5.s:2331   .debug_str:0000000000000217 .LASF77
     /tmp/ccl6w3r5.s:2449   .debug_str:0000000000000578 .LASF78
     /tmp/ccl6w3r5.s:2273   .debug_str:0000000000000053 .LASF79
     /tmp/ccl6w3r5.s:2481   .debug_str:0000000000000717 .LASF80
     /tmp/ccl6w3r5.s:2473   .debug_str:00000000000006dc .LASF81
     /tmp/ccl6w3r5.s:2429   .debug_str:00000000000004cb .LASF82
     /tmp/ccl6w3r5.s:2355   .debug_str:00000000000002dc .LASF83
     /tmp/ccl6w3r5.s:2365   .debug_str:0000000000000315 .LASF84
     /tmp/ccl6w3r5.s:2293   .debug_str:00000000000000eb .LASF85
     /tmp/ccl6w3r5.s:2407   .debug_str:0000000000000425 .LASF86
GAS LISTING /tmp/ccl6w3r5.s 			page 13


     /tmp/ccl6w3r5.s:2271   .debug_str:0000000000000049 .LASF88
     /tmp/ccl6w3r5.s:2337   .debug_str:0000000000000242 .LASF90
     /tmp/ccl6w3r5.s:2479   .debug_str:0000000000000706 .LASF91
     /tmp/ccl6w3r5.s:2277   .debug_str:0000000000000060 .LASF92
     /tmp/ccl6w3r5.s:173    .text:00000000000000e4 .LFB39
     /tmp/ccl6w3r5.s:227    .text:000000000000013c .LFE39
     /tmp/ccl6w3r5.s:202    .text:0000000000000118 .LBB11
     /tmp/ccl6w3r5.s:210    .text:0000000000000120 .LBE11
     /tmp/ccl6w3r5.s:2146   .debug_loc:0000000000000000 .LLST3
     /tmp/ccl6w3r5.s:2154   .debug_loc:0000000000000024 .LLST4
     /tmp/ccl6w3r5.s:189    .text:0000000000000100 .LVL11
     /tmp/ccl6w3r5.s:214    .text:0000000000000128 .LVL15
     /tmp/ccl6w3r5.s:233    .text:000000000000013c .LFB38
     /tmp/ccl6w3r5.s:297    .text:00000000000001a4 .LFE38
     /tmp/ccl6w3r5.s:2161   .debug_loc:0000000000000047 .LLST5
     /tmp/ccl6w3r5.s:251    .text:0000000000000158 .LBB13
     /tmp/ccl6w3r5.s:258    .text:000000000000015c .LBE13
     /tmp/ccl6w3r5.s:2172   .debug_loc:000000000000007d .LLST6
     /tmp/ccl6w3r5.s:265    .text:0000000000000168 .LVL18
     /tmp/ccl6w3r5.s:273    .text:0000000000000180 .LVL19
     /tmp/ccl6w3r5.s:294    .text:00000000000001a0 .LVL22
     /tmp/ccl6w3r5.s:143    .text:00000000000000c8 .LFB37
     /tmp/ccl6w3r5.s:167    .text:00000000000000e4 .LFE37
     /tmp/ccl6w3r5.s:117    .text:00000000000000c8 .LFE36
     /tmp/ccl6w3r5.s:2179   .debug_loc:00000000000000a0 .LLST0
     /tmp/ccl6w3r5.s:40     .text:000000000000002c .LBB9
     /tmp/ccl6w3r5.s:89     .text:0000000000000094 .LBE9
     /tmp/ccl6w3r5.s:2208   .debug_loc:0000000000000115 .LLST1
     /tmp/ccl6w3r5.s:2233   .debug_loc:0000000000000177 .LLST2
     /tmp/ccl6w3r5.s:51     .text:0000000000000040 .LVL4
     /tmp/ccl6w3r5.s:78     .text:0000000000000084 .LVL5
     /tmp/ccl6w3r5.s:36     .text:0000000000000028 .LVL2
     /tmp/ccl6w3r5.s:93     .text:00000000000000a0 .LVL7
     /tmp/ccl6w3r5.s:97     .text:00000000000000ac .LVL8
     /tmp/ccl6w3r5.s:2469   .debug_str:00000000000006bf .LASF93
     /tmp/ccl6w3r5.s:2465   .debug_str:000000000000069b .LASF111
     /tmp/ccl6w3r5.s:2289   .debug_str:00000000000000cd .LASF94
     /tmp/ccl6w3r5.s:2441   .debug_str:000000000000053d .LASF95
     /tmp/ccl6w3r5.s:2427   .debug_str:00000000000004bb .LASF97
     /tmp/ccl6w3r5.s:2267   .debug_str:000000000000003b .LASF96
     /tmp/ccl6w3r5.s:2463   .debug_str:000000000000068e .LASF98
     /tmp/ccl6w3r5.s:2373   .debug_str:0000000000000350 .LASF99
     /tmp/ccl6w3r5.s:2297   .debug_str:0000000000000101 .LASF100
     /tmp/ccl6w3r5.s:2343   .debug_str:000000000000027c .LASF101
     /tmp/ccl6w3r5.s:2301   .debug_str:0000000000000126 .LASF102
     /tmp/ccl6w3r5.s:201    .text:0000000000000118 .LVL13
     /tmp/ccl6w3r5.s:208    .text:0000000000000120 .LVL14
     /tmp/ccl6w3r5.s:249    .text:0000000000000158 .LVL16
     /tmp/ccl6w3r5.s:283    .text:000000000000018c .LVL20
     /tmp/ccl6w3r5.s:287    .text:0000000000000194 .LVL21
     /tmp/ccl6w3r5.s:256    .text:000000000000015c .LVL17
     /tmp/ccl6w3r5.s:16     .text:0000000000000000 .LVL0
     /tmp/ccl6w3r5.s:33     .text:0000000000000020 .LVL1
     /tmp/ccl6w3r5.s:87     .text:0000000000000094 .LVL6
     /tmp/ccl6w3r5.s:112    .text:00000000000000c0 .LVL10
     /tmp/ccl6w3r5.s:39     .text:000000000000002c .LVL3
     /tmp/ccl6w3r5.s:109    .text:00000000000000bc .LVL9
GAS LISTING /tmp/ccl6w3r5.s 			page 14


     /tmp/ccl6w3r5.s:318    .debug_info:0000000000000000 .Ldebug_info0
     /tmp/ccl6w3r5.s:120    .gcc_except_table:0000000000000000 .LLSDA36

UNDEFINED SYMBOLS
_Znwm
_Znam
_ZN9Scheduler3putEP3TCB
_ZdlPv
_Unwind_Resume
__gxx_personality_v0
_ZN5Riscv10popSppSpieEv
_ZN9Scheduler3getEv
_ZN3TCB13contextSwitchEPNS_7ContextES1_
